2025-05-27 15:01:11 INFO [smart_iot] Middleware service started and subscribed to temperature topics.
2025-05-27 15:08:22 INFO [smart_iot] Received temperature 32.5ï¿½C from room1
2025-05-27 15:08:22 INFO [smart_iot] Temperature 32.5ï¿½C in room1 exceeds threshold. Activating HVAC.
2025-05-27 15:08:26 ERROR [smart_iot] Failed to send HVAC command 'activate': HTTPConnectionPool(host='localhost', port=5000): Max retries exceeded with url: /api/hvac/command (Caused by NewConnectionError('<urllib3.connection.HTTPConnection object at 0x0000028F77481400>: Failed to establish a new connection: [WinError 10061] No connection could be made because the target machine actively refused it'))
2025-05-27 15:23:37 INFO [smart_iot] Received temperature 27.4ï¿½C from room1
2025-05-27 15:23:37 INFO [smart_iot] Temperature 27.4ï¿½C in room1 below threshold. Deactivating HVAC.
2025-05-27 15:23:39 INFO [smart_iot] Sent HVAC command: deactivate
2025-05-27 15:25:33 INFO [smart_iot] Received temperature 32.5ï¿½C from room1
2025-05-27 15:25:33 INFO [smart_iot] Temperature 32.5ï¿½C in room1 exceeds threshold. Activating HVAC.
2025-05-27 15:25:36 INFO [smart_iot] Sent HVAC command: activate
2025-05-27 17:42:24 INFO [smart_iot] Middleware service started and subscribed to temperature topics.
2025-05-27 17:42:39 INFO [smart_iot] Received temperature 32.5ï¿½C from room1
2025-05-27 17:42:39 INFO [smart_iot] Temperature 32.5ï¿½C in room1 exceeds threshold. Activating HVAC.
2025-05-27 17:42:42 ERROR [smart_iot] Failed to send HVAC command 'activate': 401 Client Error: UNAUTHORIZED for url: http://localhost:5000/api/hvac/command
2025-05-27 17:45:40 INFO [smart_iot] Received temperature 32.5ï¿½C from room1
2025-05-27 17:45:40 INFO [smart_iot] Temperature 32.5ï¿½C in room1 exceeds threshold. Activating HVAC.
2025-05-27 17:45:42 ERROR [smart_iot] Failed to send HVAC command 'activate': 401 Client Error: UNAUTHORIZED for url: http://localhost:5000/api/hvac/command
2025-05-27 17:51:40 INFO [smart_iot] Received temperature 32.5ï¿½C from room1
2025-05-27 17:51:40 INFO [smart_iot] Temperature 32.5ï¿½C in room1 exceeds threshold. Activating HVAC.
2025-05-27 17:51:42 ERROR [smart_iot] Failed to send HVAC command 'activate': 401 Client Error: UNAUTHORIZED for url: http://localhost:5000/api/hvac/command
2025-05-27 17:53:33 INFO [smart_iot] Middleware service started and subscribed to temperature topics.
2025-05-27 17:53:46 INFO [smart_iot] Received temperature 32.5ï¿½C from room1
2025-05-27 17:53:46 INFO [smart_iot] Temperature 32.5ï¿½C in room1 exceeds threshold. Activating HVAC.
2025-05-27 17:53:48 INFO [smart_iot] Sent HVAC command: activate
2025-05-27 18:06:14 INFO [smart_iot] Received temperature 40.0ï¿½C from room1
2025-05-27 18:06:14 INFO [smart_iot] Temperature 40.0ï¿½C in room1 exceeds threshold. Activating HVAC.
2025-05-27 18:06:16 INFO [smart_iot] Sent HVAC command: activate
2025-05-27 18:08:00 INFO [smart_iot] Received temperature 300.0ï¿½C from room1
2025-05-27 18:08:00 INFO [smart_iot] Temperature 300.0ï¿½C in room1 exceeds threshold. Activating HVAC.
2025-05-27 18:08:02 INFO [smart_iot] Sent HVAC command: activate
2025-05-29 19:52:48 INFO [smart_iot] Middleware service started and subscribed to temperature topics.
2025-05-29 19:54:03 INFO [smart_iot] Received temperature 21.0°C from room2
2025-05-29 19:54:03 INFO [smart_iot] Temperature 21.0°C in room2 below threshold. Deactivating HVAC.
2025-05-29 19:54:05 INFO [smart_iot] Sent HVAC command: deactivate
2025-05-29 19:56:53 INFO [smart_iot] Received temperature 45.0°C from room3
2025-05-29 19:56:53 INFO [smart_iot] Temperature 45.0°C in room3 exceeds threshold. Activating HVAC.
2025-05-29 19:56:55 INFO [smart_iot] Sent HVAC command: activate
2025-05-29 19:58:15 WARNING [smart_iot] Received out-of-range temperature -67.0°C from building/room3/temperature
2025-05-29 19:58:42 WARNING [smart_iot] Thats not a proper temperature value, recieved from: building/room3/temperature: b't'
2025-05-29 19:59:03 INFO [smart_iot] Received temperature 13.78°C from room3
2025-05-29 19:59:03 INFO [smart_iot] Temperature 13.78°C in room3 below threshold. Deactivating HVAC.
2025-05-29 19:59:05 INFO [smart_iot] Sent HVAC command: deactivate
